<?xml version="1.0" encoding="UTF-8"?>
<!-- Generated by org.testng.reporters.JUnitXMLReporter -->
<testsuite ignored="9" hostname="LX-BLR-LT-002" failures="0" tests="1" name="Test" time="58.884" errors="0" timestamp="2024-11-18T18:18:39 IST">
  <testcase classname="ExoTalentWeb.TestCase.WebTestCases" name="@BeforeTest setUp" time="58.837">
    <failure type="org.openqa.selenium.WebDriverException" message="target frame detached: received Inspector.detached event
  (failed to check if window was closed: disconnected: Unable to receive message from renderer)
  (Session info: chrome=130.0.6723.116)
Build info: version: &amp;apos;3.141.59&amp;apos;, revision: &amp;apos;e82be7d358&amp;apos;, time: &amp;apos;2018-11-14T08:17:03&amp;apos;
System info: host: &amp;apos;LX-BLR-LT-002&amp;apos;, ip: &amp;apos;10.36.56.74&amp;apos;, os.name: &amp;apos;Windows 11&amp;apos;, os.arch: &amp;apos;amd64&amp;apos;, os.version: &amp;apos;10.0&amp;apos;, java.version: &amp;apos;21.0.2&amp;apos;
Driver info: org.openqa.selenium.chrome.ChromeDriver
Capabilities {acceptInsecureCerts: false, browserName: chrome, browserVersion: 130.0.6723.116, chrome: {chromedriverVersion: 130.0.6723.116 (6ac35f94ae3..., userDataDir: C:\Users\MAYURM~1\AppData\L...}, fedcm:accounts: true, goog:chromeOptions: {debuggerAddress: localhost:52412}, javascriptEnabled: true, networkConnectionEnabled: false, pageLoadStrategy: normal, platform: WINDOWS, platformName: WINDOWS, proxy: Proxy(), setWindowRect: true, strictFileInteractability: false, timeouts: {implicit: 0, pageLoad: 300000, script: 30000}, unhandledPromptBehavior: dismiss and notify, webauthn:extension:credBlob: true, webauthn:extension:largeBlob: true, webauthn:extension:minPinLength: true, webauthn:extension:prf: true, webauthn:virtualAuthenticators: true}
Session ID: b2256faf013cdf94698d248c8769ec74">
      <![CDATA[org.openqa.selenium.WebDriverException: target frame detached: received Inspector.detached event
  (failed to check if window was closed: disconnected: Unable to receive message from renderer)
  (Session info: chrome=130.0.6723.116)
Build info: version: '3.141.59', revision: 'e82be7d358', time: '2018-11-14T08:17:03'
System info: host: 'LX-BLR-LT-002', ip: '10.36.56.74', os.name: 'Windows 11', os.arch: 'amd64', os.version: '10.0', java.version: '21.0.2'
Driver info: org.openqa.selenium.chrome.ChromeDriver
Capabilities {acceptInsecureCerts: false, browserName: chrome, browserVersion: 130.0.6723.116, chrome: {chromedriverVersion: 130.0.6723.116 (6ac35f94ae3..., userDataDir: C:\Users\MAYURM~1\AppData\L...}, fedcm:accounts: true, goog:chromeOptions: {debuggerAddress: localhost:52412}, javascriptEnabled: true, networkConnectionEnabled: false, pageLoadStrategy: normal, platform: WINDOWS, platformName: WINDOWS, proxy: Proxy(), setWindowRect: true, strictFileInteractability: false, timeouts: {implicit: 0, pageLoad: 300000, script: 30000}, unhandledPromptBehavior: dismiss and notify, webauthn:extension:credBlob: true, webauthn:extension:largeBlob: true, webauthn:extension:minPinLength: true, webauthn:extension:prf: true, webauthn:virtualAuthenticators: true}
Session ID: b2256faf013cdf94698d248c8769ec74
at org.openqa.selenium.remote.http.W3CHttpResponseCodec.createException(W3CHttpResponseCodec.java:187)
at org.openqa.selenium.remote.http.W3CHttpResponseCodec.decode(W3CHttpResponseCodec.java:122)
at org.openqa.selenium.remote.http.W3CHttpResponseCodec.decode(W3CHttpResponseCodec.java:49)
at org.openqa.selenium.remote.HttpCommandExecutor.execute(HttpCommandExecutor.java:158)
at org.openqa.selenium.remote.service.DriverCommandExecutor.execute(DriverCommandExecutor.java:83)
at org.openqa.selenium.remote.RemoteWebDriver.execute(RemoteWebDriver.java:552)
at org.openqa.selenium.remote.RemoteWebDriver.get(RemoteWebDriver.java:277)
at ExoTalentWeb.BaseClass.TestBaseClassWeb.InitializeBrowser(TestBaseClassWeb.java:63)
at ExoTalentWeb.TestCase.WebTestCases.setUp(WebTestCases.java:58)
... Removed 25 stack frames]]>
    </failure>
  </testcase> <!-- @BeforeTest setUp -->
  <testcase classname="ExoTalentWeb.TestCase.WebTestCases" name="@AfterTest teardown" time="-1.731934119756E9">
    <skipped/>
  </testcase> <!-- @AfterTest teardown -->
  <testcase classname="ExoTalentWeb.TestCase.WebTestCases" name="CompanyLogin" time="0.0">
    <skipped/>
  </testcase> <!-- CompanyLogin -->
  <testcase classname="ExoTalentWeb.TestCase.WebTestCases" name="CompanyPageSignup" time="0.0">
    <ignored/>
  </testcase> <!-- CompanyPageSignup -->
  <testcase classname="ExoTalentWeb.TestCase.WebTestCases" name="CandidateSignup" time="0.0">
    <ignored/>
  </testcase> <!-- CandidateSignup -->
  <testcase classname="ExoTalentWeb.TestCase.WebTestCases" name="CandidateApplyJob" time="0.0">
    <ignored/>
  </testcase> <!-- CandidateApplyJob -->
  <testcase classname="ExoTalentWeb.TestCase.WebTestCases" name="loginviaMobileNumber" time="0.0">
    <ignored/>
  </testcase> <!-- loginviaMobileNumber -->
  <testcase classname="ExoTalentWeb.TestCase.WebTestCases" name="RecruiterSignup" time="0.0">
    <ignored/>
  </testcase> <!-- RecruiterSignup -->
  <testcase classname="ExoTalentWeb.TestCase.WebTestCases" name="CandidateJobSaveandUnsave" time="0.0">
    <ignored/>
  </testcase> <!-- CandidateJobSaveandUnsave -->
  <testcase classname="ExoTalentWeb.TestCase.WebTestCases" name="JobApplyFromInvitation" time="0.0">
    <ignored/>
  </testcase> <!-- JobApplyFromInvitation -->
  <testcase classname="ExoTalentWeb.TestCase.WebTestCases" name="RecruiterCandidateRefer" time="0.0">
    <ignored/>
  </testcase> <!-- RecruiterCandidateRefer -->
  <testcase classname="ExoTalentWeb.TestCase.WebTestCases" name="RecruiterLogin" time="0.0">
    <ignored/>
  </testcase> <!-- RecruiterLogin -->
</testsuite> <!-- Test -->
